Determining if the pthread_create exist failed with the following output:
Change Dir: /home/ros/p4_base_wall/base_wall_ws/build/CMakeFiles/CMakeTmp

Run Build Command:"/usr/bin/make" "cmTC_d170f/fast"
/usr/bin/make -f CMakeFiles/cmTC_d170f.dir/build.make CMakeFiles/cmTC_d170f.dir/build
make[1]: Entering directory '/home/ros/p4_base_wall/base_wall_ws/build/CMakeFiles/CMakeTmp'
Building C object CMakeFiles/cmTC_d170f.dir/CheckSymbolExists.c.o
/usr/bin/cc    -o CMakeFiles/cmTC_d170f.dir/CheckSymbolExists.c.o   -c /home/ros/p4_base_wall/base_wall_ws/build/CMakeFiles/CMakeTmp/CheckSymbolExists.c
Linking C executable cmTC_d170f
/usr/bin/cmake -E cmake_link_script CMakeFiles/cmTC_d170f.dir/link.txt --verbose=1
/usr/bin/cc      -rdynamic CMakeFiles/cmTC_d170f.dir/CheckSymbolExists.c.o  -o cmTC_d170f 
CMakeFiles/cmTC_d170f.dir/CheckSymbolExists.c.o: In function `main':
CheckSymbolExists.c:(.text+0x1b): undefined reference to `pthread_create'
collect2: error: ld returned 1 exit status
CMakeFiles/cmTC_d170f.dir/build.make:97: recipe for target 'cmTC_d170f' failed
make[1]: *** [cmTC_d170f] Error 1
make[1]: Leaving directory '/home/ros/p4_base_wall/base_wall_ws/build/CMakeFiles/CMakeTmp'
Makefile:126: recipe for target 'cmTC_d170f/fast' failed
make: *** [cmTC_d170f/fast] Error 2

File /home/ros/p4_base_wall/base_wall_ws/build/CMakeFiles/CMakeTmp/CheckSymbolExists.c:
/* */
#include <pthread.h>

int main(int argc, char** argv)
{
  (void)argv;
#ifndef pthread_create
  return ((int*)(&pthread_create))[argc];
#else
  (void)argc;
  return 0;
#endif
}

Determining if the function pthread_create exists in the pthreads failed with the following output:
Change Dir: /home/ros/p4_base_wall/base_wall_ws/build/CMakeFiles/CMakeTmp

Run Build Command:"/usr/bin/make" "cmTC_beb35/fast"
/usr/bin/make -f CMakeFiles/cmTC_beb35.dir/build.make CMakeFiles/cmTC_beb35.dir/build
make[1]: Entering directory '/home/ros/p4_base_wall/base_wall_ws/build/CMakeFiles/CMakeTmp'
Building C object CMakeFiles/cmTC_beb35.dir/CheckFunctionExists.c.o
/usr/bin/cc   -DCHECK_FUNCTION_EXISTS=pthread_create   -o CMakeFiles/cmTC_beb35.dir/CheckFunctionExists.c.o   -c /usr/share/cmake-3.10/Modules/CheckFunctionExists.c
Linking C executable cmTC_beb35
/usr/bin/cmake -E cmake_link_script CMakeFiles/cmTC_beb35.dir/link.txt --verbose=1
/usr/bin/cc  -DCHECK_FUNCTION_EXISTS=pthread_create    -rdynamic CMakeFiles/cmTC_beb35.dir/CheckFunctionExists.c.o  -o cmTC_beb35 -lpthreads 
/usr/bin/ld: cannot find -lpthreads
collect2: error: ld returned 1 exit status
CMakeFiles/cmTC_beb35.dir/build.make:97: recipe for target 'cmTC_beb35' failed
make[1]: *** [cmTC_beb35] Error 1
make[1]: Leaving directory '/home/ros/p4_base_wall/base_wall_ws/build/CMakeFiles/CMakeTmp'
Makefile:126: recipe for target 'cmTC_beb35/fast' failed
make: *** [cmTC_beb35/fast] Error 2


